<?xml version="1.0" encoding="UTF-8"?>
<!-- Generated by org.testng.reporters.JUnitReportReporter -->
<testsuite hostname="LAPTOP-6MSCEI0L" failures="0" tests="1" name="com.w2a.testcases.FlightSearchTest" time="1.018" errors="0" timestamp="30 Dec 2020 11:37:02 GMT" skipped="0">
  <testcase classname="com.w2a.testcases.FlightSearchTest" name="flightSearchTest" time="1.018"/>
</testsuite> <!-- com.w2a.testcases.FlightSearchTest -->
