<?xml version="1.0" encoding="UTF-8"?>
<!-- Generated by org.testng.reporters.JUnitReportReporter -->
<testsuite skipped="0" hostname="LAPTOP-6MSCEI0L" name="com.w2a.testcases.FlightSearchTest" tests="1" failures="0" timestamp="30 Dec 2020 13:22:50 GMT" time="1.416" errors="0">
  <testcase name="flightSearchTest" time="1.416" classname="com.w2a.testcases.FlightSearchTest"/>
</testsuite> <!-- com.w2a.testcases.FlightSearchTest -->
