<?xml version="1.0" encoding="UTF-8"?>
<testsuite name="TestSuite" time="0.049" tests="1" errors="0" skipped="0" failures="0">
  <properties>
    <property name="PROCESSOR_ARCHITECTURE" value="AMD64"/>
    <property name="LOGONSERVER" value="\\LAPTOP-6MSCEI0L"/>
    <property name="ProgramData" value="C:\ProgramData"/>
    <property name="java.home" value="C:\Program Files\Java\jdk-12.0.1"/>
    <property name="NODE_NAME" value="master"/>
    <property name="JENKINS_URL" value="http://localhost:8080/"/>
    <property name="ALLUSERSPROFILE" value="C:\ProgramData"/>
    <property name="PSModulePath" value="C:\Program Files\WindowsPowerShell\Modules;C:\WINDOWS\system32\WindowsPowerShell\v1.0\Modules;C:\Program Files (x86)\Microsoft SQL Server\120\Tools\PowerShell\Modules\"/>
    <property name="USERDOMAIN" value="LAPTOP-6MSCEI0L"/>
    <property name="sun.os.patch.level" value=""/>
    <property name="java.vendor.url" value="https://java.oracle.com/"/>
    <property name="CommonProgramFiles(x86)" value="C:\Program Files (x86)\Common Files"/>
    <property name="java.version" value="12.0.1"/>
    <property name="JOB_NAME" value="MavenIntegration"/>
    <property name="COMPUTERNAME" value="LAPTOP-6MSCEI0L"/>
    <property name="COMPOSE_CONVERT_WINDOWS_PATHS" value="true"/>
    <property name="java.vendor.url.bug" value="https://bugreport.java.com/bugreport/"/>
    <property name="PUBLIC" value="C:\Users\Public"/>
    <property name="java.version.date" value="2019-04-16"/>
    <property name="jdk.debug" value="release"/>
    <property name="user.name" value="hp"/>
    <property name="sun.io.unicode.encoding" value="UnicodeLittle"/>
    <property name="sun.jnu.encoding" value="Cp1252"/>
    <property name="java.runtime.name" value="Java(TM) SE Runtime Environment"/>
    <property name="windir" value="C:\WINDOWS"/>
    <property name="PROCESSOR_IDENTIFIER" value="Intel64 Family 6 Model 142 Stepping 9, GenuineIntel"/>
    <property name="GOOGLE_API_KEY" value="no"/>
    <property name="java.specification.name" value="Java Platform API Specification"/>
    <property name="LOCALAPPDATA" value="C:\Users\hp\AppData\Local"/>
    <property name="RUN_CHANGES_DISPLAY_URL" value="http://localhost:8080/job/MavenIntegration/18/display/redirect?page=changes"/>
    <property name="user.timezone" value="Asia/Calcutta"/>
    <property name="user.script" value=""/>
    <property name="path.separator" value=";"/>
    <property name="NUMBER_OF_PROCESSORS" value="4"/>
    <property name="BUILD_TAG" value="jenkins-MavenIntegration-18"/>
    <property name="file.encoding" value="Cp1252"/>
    <property name="sun.java.command" value="jenkins.maven3.agent.Maven35Main C:\Java\apache-maven-3.6.1 C:\Users\hp\.jenkins\war\WEB-INF\lib\remoting-4.6.jar C:\Users\hp\.jenkins\plugins\maven-plugin\WEB-INF\lib\maven35-interceptor-1.13.jar C:\Users\hp\.jenkins\plugins\maven-plugin\WEB-INF\lib\maven3-interceptor-commons-1.13.jar 61249"/>
    <property name="HUDSON_URL" value="http://localhost:8080/"/>
    <property name="JENKINS_SERVER_COOKIE" value="cd768a0dd6fe329e"/>
    <property name="EXECUTOR_NUMBER" value="1"/>
    <property name="Path" value="C:\Program Files\Java\jdk-12.0.1/bin;C:\Program Files (x86)\Common Files\Intel\Shared Libraries\redist\intel64\compiler;C:\Program Files (x86)\Common Files\Oracle\Java\javapath;C:\WINDOWS\system32;C:\WINDOWS;C:\WINDOWS\System32\Wbem;C:\WINDOWS\System32\WindowsPowerShell\v1.0\;C:\WINDOWS\System32\OpenSSH\;C:\Program Files (x86)\Intel\Intel(R) Management Engine Components\DAL;C:\Program Files\Intel\Intel(R) Management Engine Components\DAL;C:\Program Files (x86)\Intel\Intel(R) Management Engine Components\IPT;C:\Program Files\Intel\Intel(R) Management Engine Components\IPT;C:\Program Files\Java\jdk-12.0.1\bin;C:\Java\apache-maven-3.6.1\bin;C:\Program Files\Git\cmd;C:\Android;C:\Windows\System32;C:\Program Files\Microsoft SQL Server\Client SDK\ODBC\110\Tools\Binn\;C:\Program Files (x86)\Microsoft SQL Server\120\Tools\Binn\;C:\Program Files\Microsoft SQL Server\120\Tools\Binn\;C:\Program Files\Microsoft SQL Server\120\DTS\Binn\;C:\Program Files (x86)\Windows Kits\8.1\Windows Performance Toolkit\;C:\Users\hp\AppData\Local\Microsoft\WindowsApps;F:\Program Files\Docker Toolbox;C:\Users\hp\AppData\Local\atom\bin"/>
    <property name="java.io.tmpdir" value="C:\Users\hp\AppData\Local\Temp\"/>
    <property name="APPDATA" value="C:\Users\hp\AppData\Roaming"/>
    <property name="user.language" value="en"/>
    <property name="line.separator" value="&#10;"/>
    <property name="BUILD_URL" value="http://localhost:8080/job/MavenIntegration/18/"/>
    <property name="DOCKER_CERT_PATH" value="C:\Users\hp\.docker\machine\machines\default"/>
    <property name="INTEL_DEV_REDIST" value="C:\Program Files (x86)\Common Files\Intel\Shared Libraries\"/>
    <property name="M2_HOME" value="C:\Java\apache-maven-3.6.1"/>
    <property name="=C:" value="C:\Java\Jenkins"/>
    <property name="java.vm.info" value="mixed mode, sharing"/>
    <property name="DriverData" value="C:\Windows\System32\Drivers\DriverData"/>
    <property name="sun.desktop" value="windows"/>
    <property name="java.vm.specification.name" value="Java Virtual Machine Specification"/>
    <property name="BUILD_DISPLAY_NAME" value="#18"/>
    <property name="OS" value="Windows_NT"/>
    <property name="guice.disable.misplaced.annotation.check" value="true"/>
    <property name="HUDSON_SERVER_COOKIE" value="cd768a0dd6fe329e"/>
    <property name="WORKSPACE_TMP" value="C:\Users\hp\.jenkins\workspace\MavenIntegration@tmp"/>
    <property name="MAVEN_HOME" value="C:\Java\apache-maven-3.6.1"/>
    <property name="PATHEXT" value=".COM;.EXE;.BAT;.CMD;.VBS;.VBE;.JS;.JSE;.WSF;.WSH;.MSC"/>
    <property name="maven3.interceptor.common" value="C:\Users\hp\.jenkins\plugins\maven-plugin\WEB-INF\lib\maven3-interceptor-commons-1.13.jar"/>
    <property name="CLASSPATH" value=""/>
    <property name="HOMEPATH" value="\Users\hp"/>
    <property name="os.name" value="Windows 10"/>
    <property name="java.specification.vendor" value="Oracle Corporation"/>
    <property name="BUILD_NUMBER" value="18"/>
    <property name="java.vm.name" value="Java HotSpot(TM) 64-Bit Server VM"/>
    <property name="maven3.interceptor" value="C:\Users\hp\.jenkins\plugins\maven-plugin\WEB-INF\lib\maven35-interceptor-1.13.jar"/>
    <property name="java.library.path" value="C:\Program Files\Java\jdk-12.0.1\bin;C:\WINDOWS\Sun\Java\bin;C:\WINDOWS\system32;C:\WINDOWS;C:\Java\apache-maven-3.6.1/bin;C:\Program Files\Java\jdk-12.0.1/bin;C:\Program Files\Java\jdk-12.0.1/bin;C:\Program Files (x86)\Common Files\Intel\Shared Libraries\redist\intel64\compiler;C:\Program Files (x86)\Common Files\Oracle\Java\javapath;C:\WINDOWS\system32;C:\WINDOWS;C:\WINDOWS\System32\Wbem;C:\WINDOWS\System32\WindowsPowerShell\v1.0\;C:\WINDOWS\System32\OpenSSH\;C:\Program Files (x86)\Intel\Intel(R) Management Engine Components\DAL;C:\Program Files\Intel\Intel(R) Management Engine Components\DAL;C:\Program Files (x86)\Intel\Intel(R) Management Engine Components\IPT;C:\Program Files\Intel\Intel(R) Management Engine Components\IPT;C:\Program Files\Java\jdk-12.0.1\bin;C:\Java\apache-maven-3.6.1\bin;C:\Program Files\Git\cmd;C:\Android;C:\Windows\System32;C:\Program Files\Microsoft SQL Server\Client SDK\ODBC\110\Tools\Binn\;C:\Program Files (x86)\Microsoft SQL Server\120\Tools\Binn\;C:\Program Files\Microsoft SQL Server\120\Tools\Binn\;C:\Program Files\Microsoft SQL Server\120\DTS\Binn\;C:\Program Files (x86)\Windows Kits\8.1\Windows Performance Toolkit\;C:\Users\hp\AppData\Local\Microsoft\WindowsApps;F:\Program Files\Docker Toolbox;C:\Users\hp\AppData\Local\atom\bin;."/>
    <property name="HOMEDRIVE" value="C:"/>
    <property name="POM_GROUPID" value="com.w2a"/>
    <property name="POM_ARTIFACTID" value="PageObjectwithFactories"/>
    <property name="java.class.version" value="56.0"/>
    <property name="JOB_URL" value="http://localhost:8080/job/MavenIntegration/"/>
    <property name="platformcode" value="KV"/>
    <property name="OneDrive" value="C:\Users\hp\OneDrive"/>
    <property name="RUN_DISPLAY_URL" value="http://localhost:8080/job/MavenIntegration/18/display/redirect"/>
    <property name="DOCKER_TLS_VERIFY" value="1"/>
    <property name="JENKINS_HOME" value="C:\Users\hp\.jenkins"/>
    <property name="BUILD_ID" value="18"/>
    <property name="TEMP" value="C:\Users\hp\AppData\Local\Temp"/>
    <property name="sun.boot.library.path" value="C:\Program Files\Java\jdk-12.0.1\bin"/>
    <property name="sun.management.compiler" value="HotSpot 64-Bit Tiered Compilers"/>
    <property name="java.awt.graphicsenv" value="sun.awt.Win32GraphicsEnvironment"/>
    <property name="user.variant" value=""/>
    <property name="PROCESSOR_REVISION" value="8e09"/>
    <property name="POM_VERSION" value="0.0.1-SNAPSHOT"/>
    <property name="HUDSON_HOME" value="C:\Users\hp\.jenkins"/>
    <property name="ProgramFiles(x86)" value="C:\Program Files (x86)"/>
    <property name="PATH+MAVEN" value="C:\Java\apache-maven-3.6.1/bin"/>
    <property name="USERDOMAIN_ROAMINGPROFILE" value="LAPTOP-6MSCEI0L"/>
    <property name="RUN_ARTIFACTS_DISPLAY_URL" value="http://localhost:8080/job/MavenIntegration/18/display/redirect?page=artifacts"/>
    <property name="PROMPT" value="$P$G"/>
    <property name="java.vm.specification.version" value="12"/>
    <property name="JAVA_HOME" value="C:\Program Files\Java\jdk-12.0.1"/>
    <property name="awt.toolkit" value="sun.awt.windows.WToolkit"/>
    <property name="NODE_LABELS" value="master"/>
    <property name="sun.cpu.isalist" value="amd64"/>
    <property name="USERPROFILE" value="C:\Users\hp"/>
    <property name="java.vm.compressedOopsMode" value="Zero based"/>
    <property name="JOB_DISPLAY_URL" value="http://localhost:8080/job/MavenIntegration/display/redirect"/>
    <property name="os.version" value="10.0"/>
    <property name="user.home" value="C:\Users\hp"/>
    <property name="USERNAME" value="hp"/>
    <property name="java.vm.vendor" value="Oracle Corporation"/>
    <property name="PROCESSOR_LEVEL" value="6"/>
    <property name="GOOGLE_DEFAULT_CLIENT_ID" value="no"/>
    <property name="CommonProgramW6432" value="C:\Program Files\Common Files"/>
    <property name="DOCKER_HOST" value="tcp://192.168.99.100:2376"/>
    <property name="user.dir" value="C:\Users\hp\git\PageObjectWithFactory\PageObjectwithFactories"/>
    <property name="maven.conf" value="C:\Java\apache-maven-3.6.1\conf"/>
    <property name="NO_PROXY" value="192.168.99.100"/>
    <property name="ProgramW6432" value="C:\Program Files"/>
    <property name="TMP" value="C:\Users\hp\AppData\Local\Temp"/>
    <property name="DOCKER_TOOLBOX_INSTALL_PATH" value="F:\Program Files\Docker Toolbox"/>
    <property name="sun.cpu.endian" value="little"/>
    <property name="SystemDrive" value="C:"/>
    <property name="java.vm.version" value="12.0.1+12"/>
    <property name="java.class.path" value="C:\Users\hp\.jenkins\plugins\maven-plugin\WEB-INF\lib\maven35-agent-1.13.jar;C:\Java\apache-maven-3.6.1\boot\plexus-classworlds-2.6.0.jar;C:\Java\apache-maven-3.6.1/conf/logging"/>
    <property name="org.slf4j.simpleLogger.defaultLogLevel" value="info"/>
    <property name="os.arch" value="amd64"/>
    <property name="RegionCode" value="APJ"/>
    <property name="OneDriveConsumer" value="C:\Users\hp\OneDrive"/>
    <property name="WORKSPACE" value="C:\Users\hp\.jenkins\workspace\MavenIntegration"/>
    <property name="ComSpec" value="C:\WINDOWS\system32\cmd.exe"/>
    <property name="ANDROID_SDK_HOME" value="C:\Android"/>
    <property name="RUN_TESTS_DISPLAY_URL" value="http://localhost:8080/job/MavenIntegration/18/display/redirect?page=tests"/>
    <property name="sun.java.launcher" value="SUN_STANDARD"/>
    <property name="SystemRoot" value="C:\WINDOWS"/>
    <property name="MIC_LD_LIBRARY_PATH" value="C:\Program Files (x86)\Common Files\Intel\Shared Libraries\compiler\lib\mic"/>
    <property name="CommonProgramFiles" value="C:\Program Files\Common Files"/>
    <property name="java.vm.specification.vendor" value="Oracle Corporation"/>
    <property name="file.separator" value="\"/>
    <property name="java.runtime.version" value="12.0.1+12"/>
    <property name="ProgramFiles" value="C:\Program Files"/>
    <property name="DOCKER_MACHINE_NAME" value="default"/>
    <property name="OnlineServices" value="Online Services"/>
    <property name="PATH+JDK" value="C:\Program Files\Java\jdk-12.0.1/bin"/>
    <property name="user.country" value="IN"/>
    <property name="POM_PACKAGING" value="jar"/>
    <property name="maven.home" value="C:\Java\apache-maven-3.6.1"/>
    <property name="JOB_BASE_NAME" value="MavenIntegration"/>
    <property name="java.vendor" value="Oracle Corporation"/>
    <property name="GOOGLE_DEFAULT_CLIENT_SECRET" value="no"/>
    <property name="java.specification.version" value="12"/>
    <property name="POM_DISPLAYNAME" value="PageObjectwithFactories"/>
    <property name="sun.arch.data.model" value="64"/>
  </properties>
  <testcase name="flightSearchTest" classname="com.w2a.testcases.FlightSearchTest" time="0.049"/>
</testsuite>